<?xml version="1.0" encoding="utf-8"?><testsuites name="pytest tests"><testsuite name="pytest" errors="0" failures="0" skipped="0" tests="44" time="10.085" timestamp="2026-06-22T14:03:40.969004+00:00" hostname="agent-env-85f69fd7-059a-4b30-b0db-a1c07ea4b8f4"><testcase classname="backend.tests.test_coop_api.TestAuth" name="test_login_admin" time="0.480" /><testcase classname="backend.tests.test_coop_api.TestAuth" name="test_login_invalid" time="0.327" /><testcase classname="backend.tests.test_coop_api.TestAuth" name="test_auth_me" time="0.107" /><testcase classname="backend.tests.test_coop_api.TestAuth" name="test_me_requires_token" time="0.138" /><testcase classname="backend.tests.test_coop_api.TestMembers" name="test_create_member_admin" time="0.324" /><testcase classname="backend.tests.test_coop_api.TestMembers" name="test_list_members" time="0.152" /><testcase classname="backend.tests.test_coop_api.TestMembers" name="test_get_member_detail" time="0.104" /><testcase classname="backend.tests.test_coop_api.TestMembers" name="test_agent_cannot_create_member" time="0.431" /><testcase classname="backend.tests.test_coop_api.TestAccounts" name="test_create_rd_account" time="0.099" /><testcase classname="backend.tests.test_coop_api.TestAccounts" name="test_list_accounts" time="0.135" /><testcase classname="backend.tests.test_coop_api.TestLoans" name="test_loan_emi_calc" time="0.097" /><testcase classname="backend.tests.test_coop_api.TestLoans" name="test_agent_cannot_approve" time="0.103" /><testcase classname="backend.tests.test_coop_api.TestLoans" name="test_admin_approves" time="0.213" /><testcase classname="backend.tests.test_coop_api.TestLoans" name="test_approve_already_approved_returns_400" time="0.117" /><testcase classname="backend.tests.test_coop_api.TestLoans" name="test_reject_flow" time="0.217" /><testcase classname="backend.tests.test_coop_api.TestTransactions" name="test_deposit_updates_balance" time="0.341" /><testcase classname="backend.tests.test_coop_api.TestTransactions" name="test_emi_payment_updates_loan" time="0.215" /><testcase classname="backend.tests.test_coop_api.TestTransactions" name="test_agent_can_record_transaction" time="0.133" /><testcase classname="backend.tests.test_coop_api.TestTransactions" name="test_list_transactions" time="0.096" /><testcase classname="backend.tests.test_coop_api.TestNotices" name="test_admin_create_notice" time="0.104" /><testcase classname="backend.tests.test_coop_api.TestNotices" name="test_manager_can_create_notice" time="0.442" /><testcase classname="backend.tests.test_coop_api.TestNotices" name="test_agent_cannot_create_notice" time="0.107" /><testcase classname="backend.tests.test_coop_api.TestNotices" name="test_list_notices" time="0.098" /><testcase classname="backend.tests.test_coop_api.TestRulesAndDashboard" name="test_rules" time="0.108" /><testcase classname="backend.tests.test_coop_api.TestRulesAndDashboard" name="test_dashboard" time="0.114" /><testcase classname="backend.tests.test_new_features.TestMemberAutoCreate" name="test_member_response_has_login_fields" time="0.721" /><testcase classname="backend.tests.test_new_features.TestMemberAutoCreate" name="test_member_can_login" time="0.323" /><testcase classname="backend.tests.test_new_features.TestMemberAutoCreate" name="test_member_auth_me_role" time="0.097" /><testcase classname="backend.tests.test_new_features.TestMemberScopedViews" name="test_member_dashboard" time="0.145" /><testcase classname="backend.tests.test_new_features.TestMemberScopedViews" name="test_member_lists_only_own_record" time="0.093" /><testcase classname="backend.tests.test_new_features.TestMemberScopedViews" name="test_member_lists_only_own_loans" time="0.099" /><testcase classname="backend.tests.test_new_features.TestMemberScopedViews" name="test_passbook_member" time="0.100" /><testcase classname="backend.tests.test_new_features.TestMemberScopedViews" name="test_passbook_staff_forbidden" time="0.104" /><testcase classname="backend.tests.test_new_features.TestEMISchedule" name="test_schedule_endpoint_returns_full_structure" time="0.339" /><testcase classname="backend.tests.test_new_features.TestEMISchedule" name="test_member_can_view_own_schedule" time="0.097" /><testcase classname="backend.tests.test_new_features.TestEMISchedule" name="test_pay_emi_marks_paid_and_increments" time="0.416" /><testcase classname="backend.tests.test_new_features.TestEMISchedule" name="test_pay_all_emis_closes_loan" time="0.643" /><testcase classname="backend.tests.test_new_features.TestNPADashboard" name="test_dashboard_has_npa_count" time="0.103" /><testcase classname="backend.tests.test_new_features.TestNPADashboard" name="test_npa_classify_with_synthetic_overdue" time="0.266" /><testcase classname="backend.tests.test_new_features.TestSettings" name="test_get_settings_any_user" time="1.087" /><testcase classname="backend.tests.test_new_features.TestSettings" name="test_put_settings_admin_persists" time="0.225" /><testcase classname="backend.tests.test_new_features.TestSettings" name="test_put_settings_manager_forbidden" time="0.099" /><testcase classname="backend.tests.test_new_features.TestSettings" name="test_put_settings_agent_forbidden" time="0.113" /><testcase classname="backend.tests.test_new_features.TestSettings" name="test_put_settings_member_forbidden" time="0.099" /></testsuite></testsuites>