<?xml version="1.0" encoding="utf-8"?><testsuites name="pytest tests"><testsuite name="pytest" errors="0" failures="1" skipped="0" tests="25" time="4.976" timestamp="2026-06-22T13:29:33.892596+00:00" hostname="agent-env-85f69fd7-059a-4b30-b0db-a1c07ea4b8f4"><testcase classname="backend.tests.test_coop_api.TestAuth" name="test_login_admin" time="0.518" /><testcase classname="backend.tests.test_coop_api.TestAuth" name="test_login_invalid" time="0.384" /><testcase classname="backend.tests.test_coop_api.TestAuth" name="test_auth_me" time="0.116" /><testcase classname="backend.tests.test_coop_api.TestAuth" name="test_me_requires_token" time="0.114" /><testcase classname="backend.tests.test_coop_api.TestMembers" name="test_create_member_admin" time="0.160" /><testcase classname="backend.tests.test_coop_api.TestMembers" name="test_list_members" time="0.097" /><testcase classname="backend.tests.test_coop_api.TestMembers" name="test_get_member_detail" time="0.121" /><testcase classname="backend.tests.test_coop_api.TestMembers" name="test_agent_cannot_create_member" time="0.476" /><testcase classname="backend.tests.test_coop_api.TestAccounts" name="test_create_rd_account" time="0.121" /><testcase classname="backend.tests.test_coop_api.TestAccounts" name="test_list_accounts" time="0.130" /><testcase classname="backend.tests.test_coop_api.TestLoans" name="test_loan_emi_calc" time="0.111"><failure message="assert 3.430000000000291 &lt; 1.0&#10; +  where 3.430000000000291 = abs((5330.93 - 5327.5))">backend/tests/test_coop_api.py:148: in test_loan_emi_calc
    assert abs(created_loan["emi"] - 5327.50) &lt; 1.0
E   assert 3.430000000000291 &lt; 1.0
E    +  where 3.430000000000291 = abs((5330.93 - 5327.5))</failure></testcase><testcase classname="backend.tests.test_coop_api.TestLoans" name="test_agent_cannot_approve" time="0.158" /><testcase classname="backend.tests.test_coop_api.TestLoans" name="test_admin_approves" time="0.235" /><testcase classname="backend.tests.test_coop_api.TestLoans" name="test_approve_already_approved_returns_400" time="0.107" /><testcase classname="backend.tests.test_coop_api.TestLoans" name="test_reject_flow" time="0.223" /><testcase classname="backend.tests.test_coop_api.TestTransactions" name="test_deposit_updates_balance" time="0.306" /><testcase classname="backend.tests.test_coop_api.TestTransactions" name="test_emi_payment_updates_loan" time="0.231" /><testcase classname="backend.tests.test_coop_api.TestTransactions" name="test_agent_can_record_transaction" time="0.111" /><testcase classname="backend.tests.test_coop_api.TestTransactions" name="test_list_transactions" time="0.098" /><testcase classname="backend.tests.test_coop_api.TestNotices" name="test_admin_create_notice" time="0.101" /><testcase classname="backend.tests.test_coop_api.TestNotices" name="test_manager_can_create_notice" time="0.452" /><testcase classname="backend.tests.test_coop_api.TestNotices" name="test_agent_cannot_create_notice" time="0.097" /><testcase classname="backend.tests.test_coop_api.TestNotices" name="test_list_notices" time="0.107" /><testcase classname="backend.tests.test_coop_api.TestRulesAndDashboard" name="test_rules" time="0.119" /><testcase classname="backend.tests.test_coop_api.TestRulesAndDashboard" name="test_dashboard" time="0.105" /></testsuite></testsuites>